Base path: C:/Program Files/Unity/Editor/Data
Cmd: getPlatforms
Cmd: compileSnippet
  api=4 type=0 insize=69106 outsize=1969 kw=DIRECTIONAL SHADOWS_OFF LIGHTMAP_OFF DIRLIGHTMAP_OFF DYNAMICLIGHTMAP_OFF pd=UNITY_ENABLE_REFLECTION_BUFFERS UNITY_PBS_USE_BRDF1 UNITY_SPECCUBE_BOX_PROJECTION UNITY_SPECCUBE_BLENDING ok=1
Cmd: disassembleShader
  api=15 insize=1969 outsize=3434 ok=1
Cmd: compileSnippet
  api=1 type=0 insize=69106 outsize=1944 kw=DIRECTIONAL SHADOWS_OFF LIGHTMAP_OFF DIRLIGHTMAP_OFF DYNAMICLIGHTMAP_OFF VERTEXLIGHT_ON pd=UNITY_ENABLE_REFLECTION_BUFFERS UNITY_PBS_USE_BRDF1 UNITY_SPECCUBE_BOX_PROJECTION UNITY_SPECCUBE_BLENDING ok=1
Cmd: disassembleShader
  api=10 insize=1944 outsize=3295 ok=1
Cmd: compileSnippet
  api=1 type=0 insize=69106 outsize=2336 kw=DIRECTIONAL SHADOWS_OFF LIGHTMAP_OFF DIRLIGHTMAP_OFF DYNAMICLIGHTMAP_OFF VERTEXLIGHT_ON _TERRAIN_NORMAL_MAP pd=UNITY_ENABLE_REFLECTION_BUFFERS UNITY_PBS_USE_BRDF1 UNITY_SPECCUBE_BOX_PROJECTION UNITY_SPECCUBE_BLENDING ok=1
Cmd: disassembleShader
  api=10 insize=2336 outsize=3994 ok=1
Cmd: compileSnippet
  api=1 type=0 insize=69106 outsize=2512 kw=DIRECTIONAL SHADOWS_SCREEN LIGHTMAP_OFF DIRLIGHTMAP_OFF DYNAMICLIGHTMAP_OFF VERTEXLIGHT_ON _TERRAIN_NORMAL_MAP pd=UNITY_ENABLE_REFLECTION_BUFFERS UNITY_PBS_USE_BRDF1 UNITY_SPECCUBE_BOX_PROJECTION UNITY_SPECCUBE_BLENDING ok=1
Cmd: disassembleShader
  api=10 insize=2512 outsize=4315 ok=1
Cmd: compileSnippet
  api=4 type=1 insize=69106 outsize=5765 kw=DIRECTIONAL SHADOWS_OFF LIGHTMAP_OFF DIRLIGHTMAP_OFF DYNAMICLIGHTMAP_OFF pd=UNITY_ENABLE_REFLECTION_BUFFERS UNITY_PBS_USE_BRDF1 UNITY_SPECCUBE_BOX_PROJECTION UNITY_SPECCUBE_BLENDING ok=1
Cmd: disassembleShader
  api=17 insize=5765 outsize=8291 ok=1
Cmd: compileSnippet
  api=1 type=1 insize=69106 outsize=4504 kw=DIRECTIONAL SHADOWS_SCREEN LIGHTMAP_OFF DIRLIGHTMAP_OFF DYNAMICLIGHTMAP_OFF pd=UNITY_ENABLE_REFLECTION_BUFFERS UNITY_PBS_USE_BRDF1 UNITY_SPECCUBE_BOX_PROJECTION UNITY_SPECCUBE_BLENDING ok=1
Cmd: disassembleShader
  api=12 insize=4504 outsize=8114 ok=1
Cmd: compileSnippet
  api=4 type=1 insize=69106 outsize=6457 kw=DIRECTIONAL SHADOWS_OFF LIGHTMAP_OFF DIRLIGHTMAP_OFF DYNAMICLIGHTMAP_OFF _TERRAIN_NORMAL_MAP pd=UNITY_ENABLE_REFLECTION_BUFFERS UNITY_PBS_USE_BRDF1 UNITY_SPECCUBE_BOX_PROJECTION UNITY_SPECCUBE_BLENDING ok=1
Cmd: disassembleShader
  api=17 insize=6457 outsize=9467 ok=1
Cmd: compileSnippet
  api=1 type=1 insize=69106 outsize=5052 kw=DIRECTIONAL SHADOWS_SCREEN LIGHTMAP_OFF DIRLIGHTMAP_OFF DYNAMICLIGHTMAP_OFF _TERRAIN_NORMAL_MAP pd=UNITY_ENABLE_REFLECTION_BUFFERS UNITY_PBS_USE_BRDF1 UNITY_SPECCUBE_BOX_PROJECTION UNITY_SPECCUBE_BLENDING ok=1
Cmd: disassembleShader
  api=12 insize=5052 outsize=9032 ok=1
Cmd: compileSnippet
  api=4 type=0 insize=46260 outsize=1597 kw=POINT SHADOWS_OFF pd=UNITY_ENABLE_REFLECTION_BUFFERS UNITY_PBS_USE_BRDF1 UNITY_SPECCUBE_BOX_PROJECTION UNITY_SPECCUBE_BLENDING ok=1
Cmd: disassembleShader
  api=15 insize=1597 outsize=2880 ok=1
Cmd: compileSnippet
  api=4 type=0 insize=46260 outsize=1597 kw=DIRECTIONAL SHADOWS_OFF pd=UNITY_ENABLE_REFLECTION_BUFFERS UNITY_PBS_USE_BRDF1 UNITY_SPECCUBE_BOX_PROJECTION UNITY_SPECCUBE_BLENDING ok=1
Cmd: disassembleShader
  api=15 insize=1597 outsize=2878 ok=1
Cmd: compileSnippet
  api=4 type=0 insize=46260 outsize=1597 kw=SPOT SHADOWS_OFF pd=UNITY_ENABLE_REFLECTION_BUFFERS UNITY_PBS_USE_BRDF1 UNITY_SPECCUBE_BOX_PROJECTION UNITY_SPECCUBE_BLENDING ok=1
Cmd: disassembleShader
  api=15 insize=1597 outsize=2880 ok=1
Cmd: compileSnippet
  api=4 type=0 insize=46260 outsize=1597 kw=POINT_COOKIE SHADOWS_OFF pd=UNITY_ENABLE_REFLECTION_BUFFERS UNITY_PBS_USE_BRDF1 UNITY_SPECCUBE_BOX_PROJECTION UNITY_SPECCUBE_BLENDING ok=1
Cmd: disassembleShader
  api=15 insize=1597 outsize=2880 ok=1
Cmd: compileSnippet
  api=4 type=0 insize=46260 outsize=1597 kw=DIRECTIONAL_COOKIE SHADOWS_OFF pd=UNITY_ENABLE_REFLECTION_BUFFERS UNITY_PBS_USE_BRDF1 UNITY_SPECCUBE_BOX_PROJECTION UNITY_SPECCUBE_BLENDING ok=1
Cmd: disassembleShader
  api=15 insize=1597 outsize=2880 ok=1
Cmd: compileSnippet
  api=4 type=0 insize=46260 outsize=1953 kw=SPOT SHADOWS_DEPTH SHADOWS_NATIVE pd=UNITY_ENABLE_REFLECTION_BUFFERS UNITY_PBS_USE_BRDF1 UNITY_SPECCUBE_BOX_PROJECTION UNITY_SPECCUBE_BLENDING ok=1
Cmd: disassembleShader
  api=15 insize=1953 outsize=3406 ok=1
Cmd: compileSnippet
  api=4 type=0 insize=46260 outsize=1789 kw=DIRECTIONAL SHADOWS_SCREEN pd=UNITY_ENABLE_REFLECTION_BUFFERS UNITY_PBS_USE_BRDF1 UNITY_SPECCUBE_BOX_PROJECTION UNITY_SPECCUBE_BLENDING ok=1
Cmd: disassembleShader
  api=15 insize=1789 outsize=3209 ok=1
Cmd: compileSnippet
  api=1 type=0 insize=46260 outsize=900 kw=POINT SHADOWS_CUBE pd=UNITY_ENABLE_REFLECTION_BUFFERS UNITY_PBS_USE_BRDF1 UNITY_SPECCUBE_BOX_PROJECTION UNITY_SPECCUBE_BLENDING ok=1
Cmd: disassembleShader
  api=10 insize=900 outsize=1576 ok=1
Cmd: compileSnippet
  api=4 type=0 insize=46260 outsize=1705 kw=POINT SHADOWS_CUBE pd=UNITY_ENABLE_REFLECTION_BUFFERS UNITY_PBS_USE_BRDF1 UNITY_SPECCUBE_BOX_PROJECTION UNITY_SPECCUBE_BLENDING ok=1
Cmd: disassembleShader
  api=15 insize=1705 outsize=3090 ok=1
Cmd: compileSnippet
  api=1 type=0 insize=46260 outsize=980 kw=SPOT SHADOWS_DEPTH SHADOWS_SOFT SHADOWS_NATIVE pd=UNITY_ENABLE_REFLECTION_BUFFERS UNITY_PBS_USE_BRDF1 UNITY_SPECCUBE_BOX_PROJECTION UNITY_SPECCUBE_BLENDING ok=1
Cmd: disassembleShader
  api=10 insize=980 outsize=1660 ok=1
Cmd: compileSnippet
  api=4 type=0 insize=46260 outsize=1953 kw=SPOT SHADOWS_DEPTH SHADOWS_SOFT SHADOWS_NATIVE pd=UNITY_ENABLE_REFLECTION_BUFFERS UNITY_PBS_USE_BRDF1 UNITY_SPECCUBE_BOX_PROJECTION UNITY_SPECCUBE_BLENDING ok=1
Cmd: disassembleShader
  api=15 insize=1953 outsize=3406 ok=1
Cmd: compileSnippet
  api=1 type=0 insize=46260 outsize=900 kw=POINT_COOKIE SHADOWS_CUBE SHADOWS_SOFT pd=UNITY_ENABLE_REFLECTION_BUFFERS UNITY_PBS_USE_BRDF1 UNITY_SPECCUBE_BOX_PROJECTION UNITY_SPECCUBE_BLENDING ok=1
Cmd: disassembleShader
  api=10 insize=900 outsize=1576 ok=1
Cmd: compileSnippet
  api=4 type=0 insize=46260 outsize=1705 kw=POINT_COOKIE SHADOWS_CUBE SHADOWS_SOFT pd=UNITY_ENABLE_REFLECTION_BUFFERS UNITY_PBS_USE_BRDF1 UNITY_SPECCUBE_BOX_PROJECTION UNITY_SPECCUBE_BLENDING ok=1
Cmd: disassembleShader
  api=15 insize=1705 outsize=3090 ok=1
Cmd: compileSnippet
  api=1 type=0 insize=46260 outsize=1204 kw=DIRECTIONAL SHADOWS_OFF _TERRAIN_NORMAL_MAP pd=UNITY_ENABLE_REFLECTION_BUFFERS UNITY_PBS_USE_BRDF1 UNITY_SPECCUBE_BOX_PROJECTION UNITY_SPECCUBE_BLENDING ok=1
Cmd: disassembleShader
  api=10 insize=1204 outsize=2140 ok=1
Cmd: compileSnippet
  api=4 type=0 insize=46260 outsize=2193 kw=DIRECTIONAL SHADOWS_OFF _TERRAIN_NORMAL_MAP pd=UNITY_ENABLE_REFLECTION_BUFFERS UNITY_PBS_USE_BRDF1 UNITY_SPECCUBE_BOX_PROJECTION UNITY_SPECCUBE_BLENDING ok=1
Cmd: disassembleShader
  api=15 insize=2193 outsize=3700 ok=1
Cmd: compileSnippet
  api=4 type=0 insize=46260 outsize=2193 kw=SPOT SHADOWS_OFF _TERRAIN_NORMAL_MAP pd=UNITY_ENABLE_REFLECTION_BUFFERS UNITY_PBS_USE_BRDF1 UNITY_SPECCUBE_BOX_PROJECTION UNITY_SPECCUBE_BLENDING ok=1
Cmd: disassembleShader
  api=15 insize=2193 outsize=3702 ok=1
Cmd: compileSnippet
  api=1 type=0 insize=46260 outsize=1204 kw=DIRECTIONAL_COOKIE SHADOWS_OFF _TERRAIN_NORMAL_MAP pd=UNITY_ENABLE_REFLECTION_BUFFERS UNITY_PBS_USE_BRDF1 UNITY_SPECCUBE_BOX_PROJECTION UNITY_SPECCUBE_BLENDING ok=1
Cmd: disassembleShader
  api=10 insize=1204 outsize=2140 ok=1
Cmd: compileSnippet
  api=4 type=0 insize=46260 outsize=2193 kw=DIRECTIONAL_COOKIE SHADOWS_OFF _TERRAIN_NORMAL_MAP pd=UNITY_ENABLE_REFLECTION_BUFFERS UNITY_PBS_USE_BRDF1 UNITY_SPECCUBE_BOX_PROJECTION UNITY_SPECCUBE_BLENDING ok=1
Cmd: disassembleShader
  api=15 insize=2193 outsize=3702 ok=1
Cmd: compileSnippet
  api=1 type=0 insize=46260 outsize=1380 kw=DIRECTIONAL SHADOWS_SCREEN _TERRAIN_NORMAL_MAP pd=UNITY_ENABLE_REFLECTION_BUFFERS UNITY_PBS_USE_BRDF1 UNITY_SPECCUBE_BOX_PROJECTION UNITY_SPECCUBE_BLENDING ok=1
Cmd: disassembleShader
  api=10 insize=1380 outsize=2461 ok=1
Cmd: compileSnippet
  api=4 type=0 insize=46260 outsize=2385 kw=DIRECTIONAL SHADOWS_SCREEN _TERRAIN_NORMAL_MAP pd=UNITY_ENABLE_REFLECTION_BUFFERS UNITY_PBS_USE_BRDF1 UNITY_SPECCUBE_BOX_PROJECTION UNITY_SPECCUBE_BLENDING ok=1
Cmd: disassembleShader
  api=15 insize=2385 outsize=4031 ok=1
Cmd: compileSnippet
  api=1 type=0 insize=46260 outsize=1284 kw=POINT SHADOWS_CUBE _TERRAIN_NORMAL_MAP pd=UNITY_ENABLE_REFLECTION_BUFFERS UNITY_PBS_USE_BRDF1 UNITY_SPECCUBE_BOX_PROJECTION UNITY_SPECCUBE_BLENDING ok=1
Cmd: disassembleShader
  api=10 insize=1284 outsize=2285 ok=1
Cmd: compileSnippet
  api=4 type=0 insize=46260 outsize=2301 kw=POINT SHADOWS_CUBE _TERRAIN_NORMAL_MAP pd=UNITY_ENABLE_REFLECTION_BUFFERS UNITY_PBS_USE_BRDF1 UNITY_SPECCUBE_BOX_PROJECTION UNITY_SPECCUBE_BLENDING ok=1
Cmd: disassembleShader
  api=15 insize=2301 outsize=3912 ok=1
Cmd: compileSnippet
  api=1 type=0 insize=46260 outsize=1360 kw=SPOT SHADOWS_DEPTH SHADOWS_SOFT SHADOWS_NATIVE _TERRAIN_NORMAL_MAP pd=UNITY_ENABLE_REFLECTION_BUFFERS UNITY_PBS_USE_BRDF1 UNITY_SPECCUBE_BOX_PROJECTION UNITY_SPECCUBE_BLENDING ok=1
Cmd: disassembleShader
  api=10 insize=1360 outsize=2381 ok=1
Cmd: compileSnippet
  api=4 type=0 insize=46260 outsize=2549 kw=SPOT SHADOWS_DEPTH SHADOWS_SOFT SHADOWS_NATIVE _TERRAIN_NORMAL_MAP pd=UNITY_ENABLE_REFLECTION_BUFFERS UNITY_PBS_USE_BRDF1 UNITY_SPECCUBE_BOX_PROJECTION UNITY_SPECCUBE_BLENDING ok=1
Cmd: disassembleShader
  api=15 insize=2549 outsize=4228 ok=1
Cmd: compileSnippet
  api=1 type=0 insize=46260 outsize=1284 kw=POINT_COOKIE SHADOWS_CUBE SHADOWS_SOFT _TERRAIN_NORMAL_MAP pd=UNITY_ENABLE_REFLECTION_BUFFERS UNITY_PBS_USE_BRDF1 UNITY_SPECCUBE_BOX_PROJECTION UNITY_SPECCUBE_BLENDING ok=1
Cmd: disassembleShader
  api=10 insize=1284 outsize=2285 ok=1
Cmd: compileSnippet
  api=4 type=0 insize=46260 outsize=2301 kw=POINT_COOKIE SHADOWS_CUBE SHADOWS_SOFT _TERRAIN_NORMAL_MAP pd=UNITY_ENABLE_REFLECTION_BUFFERS UNITY_PBS_USE_BRDF1 UNITY_SPECCUBE_BOX_PROJECTION UNITY_SPECCUBE_BLENDING ok=1
Cmd: disassembleShader
  api=15 insize=2301 outsize=3912 ok=1
Cmd: compileSnippet
  api=4 type=1 insize=46260 outsize=3825 kw=POINT SHADOWS_OFF pd=UNITY_ENABLE_REFLECTION_BUFFERS UNITY_PBS_USE_BRDF1 UNITY_SPECCUBE_BOX_PROJECTION UNITY_SPECCUBE_BLENDING ok=1
Cmd: disassembleShader
  api=17 insize=3825 outsize=5573 ok=1
Cmd: compileSnippet
  api=1 type=1 insize=46260 outsize=2680 kw=DIRECTIONAL SHADOWS_OFF pd=UNITY_ENABLE_REFLECTION_BUFFERS UNITY_PBS_USE_BRDF1 UNITY_SPECCUBE_BOX_PROJECTION UNITY_SPECCUBE_BLENDING ok=1
Cmd: disassembleShader
  api=12 insize=2680 outsize=4751 ok=1
Cmd: compileSnippet
  api=1 type=1 insize=46260 outsize=3120 kw=SPOT SHADOWS_OFF pd=UNITY_ENABLE_REFLECTION_BUFFERS UNITY_PBS_USE_BRDF1 UNITY_SPECCUBE_BOX_PROJECTION UNITY_SPECCUBE_BLENDING ok=1
Cmd: disassembleShader
  api=12 insize=3120 outsize=5381 ok=1
Cmd: compileSnippet
  api=4 type=1 insize=46260 outsize=3917 kw=POINT_COOKIE SHADOWS_OFF pd=UNITY_ENABLE_REFLECTION_BUFFERS UNITY_PBS_USE_BRDF1 UNITY_SPECCUBE_BOX_PROJECTION UNITY_SPECCUBE_BLENDING ok=1
Cmd: disassembleShader
  api=17 insize=3917 outsize=5738 ok=1
Cmd: compileSnippet
  api=4 type=1 insize=46260 outsize=3713 kw=DIRECTIONAL_COOKIE SHADOWS_OFF pd=UNITY_ENABLE_REFLECTION_BUFFERS UNITY_PBS_USE_BRDF1 UNITY_SPECCUBE_BOX_PROJECTION UNITY_SPECCUBE_BLENDING ok=1
Cmd: disassembleShader
  api=17 insize=3713 outsize=5419 ok=1
Cmd: compileSnippet
  api=1 type=1 insize=46260 outsize=3296 kw=SPOT SHADOWS_DEPTH SHADOWS_NATIVE pd=UNITY_ENABLE_REFLECTION_BUFFERS UNITY_PBS_USE_BRDF1 UNITY_SPECCUBE_BOX_PROJECTION UNITY_SPECCUBE_BLENDING ok=1
Cmd: disassembleShader
  api=12 insize=3296 outsize=5679 ok=1
Cmd: compileSnippet
  api=4 type=1 insize=46260 outsize=3633 kw=DIRECTIONAL SHADOWS_SCREEN pd=UNITY_ENABLE_REFLECTION_BUFFERS UNITY_PBS_USE_BRDF1 UNITY_SPECCUBE_BOX_PROJECTION UNITY_SPECCUBE_BLENDING ok=1
Cmd: disassembleShader
  api=17 insize=3633 outsize=5383 ok=1
Cmd: compileSnippet
  api=1 type=1 insize=46260 outsize=2984 kw=DIRECTIONAL_COOKIE SHADOWS_SCREEN pd=UNITY_ENABLE_REFLECTION_BUFFERS UNITY_PBS_USE_BRDF1 UNITY_SPECCUBE_BOX_PROJECTION UNITY_SPECCUBE_BLENDING ok=1
Cmd: disassembleShader
  api=12 insize=2984 outsize=5226 ok=1
Cmd: compileSnippet
  api=4 type=1 insize=46260 outsize=4161 kw=POINT SHADOWS_CUBE pd=UNITY_ENABLE_REFLECTION_BUFFERS UNITY_PBS_USE_BRDF1 UNITY_SPECCUBE_BOX_PROJECTION UNITY_SPECCUBE_BLENDING ok=1
Cmd: disassembleShader
  api=17 insize=4161 outsize=6084 ok=1
Cmd: compileSnippet
  api=1 type=1 insize=46260 outsize=3340 kw=POINT_COOKIE SHADOWS_CUBE pd=UNITY_ENABLE_REFLECTION_BUFFERS UNITY_PBS_USE_BRDF1 UNITY_SPECCUBE_BOX_PROJECTION UNITY_SPECCUBE_BLENDING ok=1
Cmd: disassembleShader
  api=12 insize=3340 outsize=5774 ok=1
Cmd: compileSnippet
  api=4 type=1 insize=46260 outsize=4641 kw=SPOT SHADOWS_DEPTH SHADOWS_SOFT SHADOWS_NATIVE pd=UNITY_ENABLE_REFLECTION_BUFFERS UNITY_PBS_USE_BRDF1 UNITY_SPECCUBE_BOX_PROJECTION UNITY_SPECCUBE_BLENDING ok=1
Cmd: disassembleShader
  api=17 insize=4641 outsize=6772 ok=1
Cmd: compileSnippet
  api=1 type=1 insize=46260 outsize=3432 kw=POINT SHADOWS_CUBE SHADOWS_SOFT pd=UNITY_ENABLE_REFLECTION_BUFFERS UNITY_PBS_USE_BRDF1 UNITY_SPECCUBE_BOX_PROJECTION UNITY_SPECCUBE_BLENDING ok=1
Cmd: disassembleShader
  api=12 insize=3432 outsize=5976 ok=1
Cmd: compileSnippet
  api=4 type=1 insize=46260 outsize=4633 kw=POINT_COOKIE SHADOWS_CUBE SHADOWS_SOFT pd=UNITY_ENABLE_REFLECTION_BUFFERS UNITY_PBS_USE_BRDF1 UNITY_SPECCUBE_BOX_PROJECTION UNITY_SPECCUBE_BLENDING ok=1
Cmd: disassembleShader
  api=17 insize=4633 outsize=6835 ok=1
Cmd: compileSnippet
  api=1 type=1 insize=46260 outsize=3508 kw=POINT SHADOWS_OFF _TERRAIN_NORMAL_MAP pd=UNITY_ENABLE_REFLECTION_BUFFERS UNITY_PBS_USE_BRDF1 UNITY_SPECCUBE_BOX_PROJECTION UNITY_SPECCUBE_BLENDING ok=1
Cmd: disassembleShader
  api=12 insize=3508 outsize=5986 ok=1
Cmd: compileSnippet
  api=4 type=1 insize=46260 outsize=4181 kw=DIRECTIONAL SHADOWS_OFF _TERRAIN_NORMAL_MAP pd=UNITY_ENABLE_REFLECTION_BUFFERS UNITY_PBS_USE_BRDF1 UNITY_SPECCUBE_BOX_PROJECTION UNITY_SPECCUBE_BLENDING ok=1
Cmd: disassembleShader
  api=17 insize=4181 outsize=6328 ok=1
Cmd: compileSnippet
  api=1 type=1 insize=46260 outsize=3672 kw=SPOT SHADOWS_OFF _TERRAIN_NORMAL_MAP pd=UNITY_ENABLE_REFLECTION_BUFFERS UNITY_PBS_USE_BRDF1 UNITY_SPECCUBE_BOX_PROJECTION UNITY_SPECCUBE_BLENDING ok=1
Cmd: disassembleShader
  api=12 insize=3672 outsize=6238 ok=1
Cmd: compileSnippet
  api=4 type=1 insize=46260 outsize=4629 kw=POINT_COOKIE SHADOWS_OFF _TERRAIN_NORMAL_MAP pd=UNITY_ENABLE_REFLECTION_BUFFERS UNITY_PBS_USE_BRDF1 UNITY_SPECCUBE_BOX_PROJECTION UNITY_SPECCUBE_BLENDING ok=1
Cmd: disassembleShader
  api=17 insize=4629 outsize=6990 ok=1
Cmd: compileSnippet
  api=1 type=1 insize=46260 outsize=3412 kw=DIRECTIONAL_COOKIE SHADOWS_OFF _TERRAIN_NORMAL_MAP pd=UNITY_ENABLE_REFLECTION_BUFFERS UNITY_PBS_USE_BRDF1 UNITY_SPECCUBE_BOX_PROJECTION UNITY_SPECCUBE_BLENDING ok=1
Cmd: disassembleShader
  api=12 insize=3412 outsize=5874 ok=1
Cmd: compileSnippet
  api=4 type=1 insize=46260 outsize=5021 kw=SPOT SHADOWS_DEPTH SHADOWS_NATIVE _TERRAIN_NORMAL_MAP pd=UNITY_ENABLE_REFLECTION_BUFFERS UNITY_PBS_USE_BRDF1 UNITY_SPECCUBE_BOX_PROJECTION UNITY_SPECCUBE_BLENDING ok=1
Cmd: disassembleShader
  api=17 insize=5021 outsize=7636 ok=1
Cmd: compileSnippet
  api=1 type=1 insize=46260 outsize=3300 kw=DIRECTIONAL SHADOWS_SCREEN _TERRAIN_NORMAL_MAP pd=UNITY_ENABLE_REFLECTION_BUFFERS UNITY_PBS_USE_BRDF1 UNITY_SPECCUBE_BOX_PROJECTION UNITY_SPECCUBE_BLENDING ok=1
Cmd: disassembleShader
  api=12 insize=3300 outsize=5705 ok=1
Cmd: compileSnippet
  api=4 type=1 insize=46260 outsize=4569 kw=DIRECTIONAL_COOKIE SHADOWS_SCREEN _TERRAIN_NORMAL_MAP pd=UNITY_ENABLE_REFLECTION_BUFFERS UNITY_PBS_USE_BRDF1 UNITY_SPECCUBE_BOX_PROJECTION UNITY_SPECCUBE_BLENDING ok=1
Cmd: disassembleShader
  api=17 insize=4569 outsize=6972 ok=1
Cmd: compileSnippet
  api=4 type=1 insize=46260 outsize=4841 kw=POINT SHADOWS_CUBE _TERRAIN_NORMAL_MAP pd=UNITY_ENABLE_REFLECTION_BUFFERS UNITY_PBS_USE_BRDF1 UNITY_SPECCUBE_BOX_PROJECTION UNITY_SPECCUBE_BLENDING ok=1
Cmd: disassembleShader
  api=17 insize=4841 outsize=7336 ok=1
Cmd: compileSnippet
  api=1 type=1 insize=46260 outsize=3896 kw=POINT_COOKIE SHADOWS_CUBE _TERRAIN_NORMAL_MAP pd=UNITY_ENABLE_REFLECTION_BUFFERS UNITY_PBS_USE_BRDF1 UNITY_SPECCUBE_BOX_PROJECTION UNITY_SPECCUBE_BLENDING ok=1
Cmd: disassembleShader
  api=12 insize=3896 outsize=6673 ok=1
Cmd: compileSnippet
  api=4 type=1 insize=46260 outsize=5321 kw=SPOT SHADOWS_DEPTH SHADOWS_SOFT SHADOWS_NATIVE _TERRAIN_NORMAL_MAP pd=UNITY_ENABLE_REFLECTION_BUFFERS UNITY_PBS_USE_BRDF1 UNITY_SPECCUBE_BOX_PROJECTION UNITY_SPECCUBE_BLENDING ok=1
Cmd: disassembleShader
  api=17 insize=5321 outsize=8031 ok=1
Cmd: compileSnippet
  api=1 type=1 insize=46260 outsize=3988 kw=POINT SHADOWS_CUBE SHADOWS_SOFT _TERRAIN_NORMAL_MAP pd=UNITY_ENABLE_REFLECTION_BUFFERS UNITY_PBS_USE_BRDF1 UNITY_SPECCUBE_BOX_PROJECTION UNITY_SPECCUBE_BLENDING ok=1
Cmd: disassembleShader
  api=12 insize=3988 outsize=6854 ok=1
Cmd: compileSnippet
  api=1 type=1 insize=46260 outsize=4084 kw=POINT_COOKIE SHADOWS_CUBE SHADOWS_SOFT _TERRAIN_NORMAL_MAP pd=UNITY_ENABLE_REFLECTION_BUFFERS UNITY_PBS_USE_BRDF1 UNITY_SPECCUBE_BOX_PROJECTION UNITY_SPECCUBE_BLENDING ok=1
Cmd: disassembleShader
  api=12 insize=4084 outsize=6999 ok=1
Cmd: compileSnippet
  api=4 type=0 insize=65820 outsize=1969 kw=LIGHTMAP_OFF DIRLIGHTMAP_OFF DYNAMICLIGHTMAP_OFF HDR_LIGHT_PREPASS_OFF pd=UNITY_ENABLE_REFLECTION_BUFFERS UNITY_PBS_USE_BRDF1 UNITY_SPECCUBE_BOX_PROJECTION UNITY_SPECCUBE_BLENDING ok=1
Cmd: disassembleShader
  api=15 insize=1969 outsize=3434 ok=1
Cmd: compileSnippet
  api=4 type=0 insize=65820 outsize=1969 kw=LIGHTMAP_OFF DIRLIGHTMAP_OFF DYNAMICLIGHTMAP_OFF UNITY_HDR_ON pd=UNITY_ENABLE_REFLECTION_BUFFERS UNITY_PBS_USE_BRDF1 UNITY_SPECCUBE_BOX_PROJECTION UNITY_SPECCUBE_BLENDING ok=1
Cmd: disassembleShader
  api=15 insize=1969 outsize=3434 ok=1
Cmd: compileSnippet
  api=4 type=0 insize=65820 outsize=2569 kw=LIGHTMAP_OFF DIRLIGHTMAP_OFF DYNAMICLIGHTMAP_OFF _TERRAIN_NORMAL_MAP HDR_LIGHT_PREPASS_OFF pd=UNITY_ENABLE_REFLECTION_BUFFERS UNITY_PBS_USE_BRDF1 UNITY_SPECCUBE_BOX_PROJECTION UNITY_SPECCUBE_BLENDING ok=1
Cmd: disassembleShader
  api=15 insize=2569 outsize=4226 ok=1
Cmd: compileSnippet
  api=4 type=0 insize=65820 outsize=2569 kw=LIGHTMAP_OFF DIRLIGHTMAP_OFF DYNAMICLIGHTMAP_OFF UNITY_HDR_ON _TERRAIN_NORMAL_MAP pd=UNITY_ENABLE_REFLECTION_BUFFERS UNITY_PBS_USE_BRDF1 UNITY_SPECCUBE_BOX_PROJECTION UNITY_SPECCUBE_BLENDING ok=1
Cmd: disassembleShader
  api=15 insize=2569 outsize=4226 ok=1
Cmd: compileSnippet
  api=4 type=1 insize=65820 outsize=2233 kw=LIGHTMAP_OFF DIRLIGHTMAP_OFF DYNAMICLIGHTMAP_OFF HDR_LIGHT_PREPASS_OFF pd=UNITY_ENABLE_REFLECTION_BUFFERS UNITY_PBS_USE_BRDF1 UNITY_SPECCUBE_BOX_PROJECTION UNITY_SPECCUBE_BLENDING ok=1
Cmd: disassembleShader
  api=17 insize=2233 outsize=4149 ok=1
Cmd: compileSnippet
  api=1 type=1 insize=65820 outsize=1816 kw=LIGHTMAP_OFF DIRLIGHTMAP_OFF DYNAMICLIGHTMAP_OFF UNITY_HDR_ON pd=UNITY_ENABLE_REFLECTION_BUFFERS UNITY_PBS_USE_BRDF1 UNITY_SPECCUBE_BOX_PROJECTION UNITY_SPECCUBE_BLENDING ok=1
Cmd: disassembleShader
  api=12 insize=1816 outsize=3299 ok=1
Cmd: compileSnippet
  api=4 type=1 insize=65820 outsize=2905 kw=LIGHTMAP_OFF DIRLIGHTMAP_OFF DYNAMICLIGHTMAP_OFF _TERRAIN_NORMAL_MAP HDR_LIGHT_PREPASS_OFF pd=UNITY_ENABLE_REFLECTION_BUFFERS UNITY_PBS_USE_BRDF1 UNITY_SPECCUBE_BOX_PROJECTION UNITY_SPECCUBE_BLENDING ok=1
Cmd: disassembleShader
  api=17 insize=2905 outsize=5302 ok=1
Cmd: compileSnippet
  api=1 type=1 insize=65820 outsize=2360 kw=LIGHTMAP_OFF DIRLIGHTMAP_OFF DYNAMICLIGHTMAP_OFF UNITY_HDR_ON _TERRAIN_NORMAL_MAP pd=UNITY_ENABLE_REFLECTION_BUFFERS UNITY_PBS_USE_BRDF1 UNITY_SPECCUBE_BOX_PROJECTION UNITY_SPECCUBE_BLENDING ok=1
Cmd: disassembleShader
  api=12 insize=2360 outsize=4144 ok=1
Cmd: disassembleShader
  api=15 insize=1969 outsize=3434 ok=1
Cmd: disassembleShader
  api=10 insize=1296 outsize=2211 ok=1
Cmd: disassembleShader
  api=15 insize=2161 outsize=3765 ok=1
Cmd: disassembleShader
  api=10 insize=1944 outsize=3295 ok=1
Cmd: disassembleShader
  api=15 insize=2889 outsize=4682 ok=1
Cmd: disassembleShader
  api=10 insize=2120 outsize=3614 ok=1
Cmd: disassembleShader
  api=15 insize=3081 outsize=5013 ok=1
Cmd: disassembleShader
  api=10 insize=1484 outsize=2610 ok=1
Cmd: disassembleShader
  api=10 insize=1660 outsize=2931 ok=1
Cmd: disassembleShader
  api=10 insize=2336 outsize=3994 ok=1
Cmd: disassembleShader
  api=10 insize=2512 outsize=4315 ok=1
Cmd: disassembleShader
  api=15 insize=3661 outsize=5779 ok=1
Cmd: disassembleShader
  api=17 insize=5765 outsize=8291 ok=1
Cmd: disassembleShader
  api=17 insize=5917 outsize=8607 ok=1
Cmd: disassembleShader
  api=17 insize=6457 outsize=9467 ok=1
Cmd: disassembleShader
  api=17 insize=6609 outsize=9791 ok=1
Cmd: disassembleShader
  api=15 insize=1597 outsize=2880 ok=1
Cmd: disassembleShader
  api=10 insize=820 outsize=1428 ok=1
Cmd: disassembleShader
  api=15 insize=1597 outsize=2878 ok=1
Cmd: disassembleShader
  api=15 insize=1597 outsize=2880 ok=1
Cmd: disassembleShader
  api=10 insize=820 outsize=1428 ok=1
Cmd: disassembleShader
  api=10 insize=820 outsize=1428 ok=1
Cmd: disassembleShader
  api=10 insize=980 outsize=1660 ok=1
Cmd: disassembleShader
  api=10 insize=1020 outsize=1757 ok=1
Cmd: disassembleShader
  api=10 insize=1020 outsize=1757 ok=1
Cmd: disassembleShader
  api=10 insize=900 outsize=1576 ok=1
Cmd: disassembleShader
  api=10 insize=900 outsize=1576 ok=1
Cmd: disassembleShader
  api=15 insize=1705 outsize=3090 ok=1
Cmd: disassembleShader
  api=15 insize=1953 outsize=3406 ok=1
Cmd: disassembleShader
  api=10 insize=900 outsize=1576 ok=1
Cmd: disassembleShader
  api=10 insize=900 outsize=1576 ok=1
Cmd: disassembleShader
  api=10 insize=1204 outsize=2140 ok=1
Cmd: disassembleShader
  api=10 insize=1204 outsize=2140 ok=1
Cmd: disassembleShader
  api=10 insize=1204 outsize=2140 ok=1
Cmd: disassembleShader
  api=15 insize=2193 outsize=3702 ok=1
Cmd: disassembleShader
  api=15 insize=2193 outsize=3702 ok=1
Cmd: disassembleShader
  api=10 insize=1204 outsize=2140 ok=1
Cmd: disassembleShader
  api=10 insize=1360 outsize=2381 ok=1
Cmd: disassembleShader
  api=10 insize=1380 outsize=2461 ok=1
Cmd: disassembleShader
  api=10 insize=1380 outsize=2461 ok=1
Cmd: disassembleShader
  api=10 insize=1284 outsize=2285 ok=1
Cmd: disassembleShader
  api=15 insize=2301 outsize=3912 ok=1
Cmd: disassembleShader
  api=15 insize=2301 outsize=3912 ok=1
Cmd: disassembleShader
  api=10 insize=1360 outsize=2381 ok=1
Cmd: disassembleShader
  api=10 insize=1284 outsize=2285 ok=1
Cmd: disassembleShader
  api=10 insize=1284 outsize=2285 ok=1
Cmd: disassembleShader
  api=17 insize=3825 outsize=5573 ok=1
Cmd: disassembleShader
  api=17 insize=3481 outsize=5079 ok=1
Cmd: disassembleShader
  api=17 insize=4085 outsize=5938 ok=1
Cmd: disassembleShader
  api=17 insize=3917 outsize=5738 ok=1
Cmd: disassembleShader
  api=17 insize=3713 outsize=5419 ok=1
Cmd: disassembleShader
  api=17 insize=4341 outsize=6380 ok=1
Cmd: disassembleShader
  api=12 insize=2984 outsize=5226 ok=1
Cmd: disassembleShader
  api=17 insize=3869 outsize=5719 ok=1
Cmd: disassembleShader
  api=17 insize=4161 outsize=6084 ok=1
Cmd: disassembleShader
  api=17 insize=4253 outsize=6249 ok=1
Cmd: disassembleShader
  api=17 insize=4641 outsize=6772 ok=1
Cmd: disassembleShader
  api=12 insize=3528 outsize=6119 ok=1
Cmd: disassembleShader
  api=17 insize=4633 outsize=6835 ok=1
Cmd: disassembleShader
  api=12 insize=3208 outsize=5572 ok=1
Cmd: disassembleShader
  api=12 insize=3672 outsize=6238 ok=1
Cmd: disassembleShader
  api=12 insize=3604 outsize=6131 ok=1
Cmd: disassembleShader
  api=12 insize=3412 outsize=5874 ok=1
Cmd: disassembleShader
  api=17 insize=4413 outsize=6668 ok=1
Cmd: disassembleShader
  api=12 insize=3300 outsize=5705 ok=1
Cmd: disassembleShader
  api=17 insize=4333 outsize=6632 ok=1
Cmd: disassembleShader
  api=12 insize=3800 outsize=6508 ok=1
Cmd: disassembleShader
  api=17 insize=4841 outsize=7336 ok=1
Cmd: disassembleShader
  api=12 insize=4096 outsize=6948 ok=1
Cmd: disassembleShader
  api=17 insize=5321 outsize=8031 ok=1
Cmd: disassembleShader
  api=12 insize=4084 outsize=6999 ok=1
Cmd: disassembleShader
  api=17 insize=5313 outsize=8094 ok=1
Cmd: disassembleShader
  api=15 insize=1969 outsize=3434 ok=1
Cmd: disassembleShader
  api=10 insize=1120 outsize=1906 ok=1
Cmd: disassembleShader
  api=15 insize=1969 outsize=3434 ok=1
Cmd: disassembleShader
  api=15 insize=2569 outsize=4226 ok=1
Cmd: disassembleShader
  api=10 insize=1484 outsize=2610 ok=1
Cmd: disassembleShader
  api=17 insize=2233 outsize=4149 ok=1
Cmd: disassembleShader
  api=17 insize=2209 outsize=4122 ok=1
Cmd: disassembleShader
  api=17 insize=2905 outsize=5302 ok=1
Cmd: disassembleShader
  api=17 insize=2881 outsize=5275 ok=1
